{"level":"error"}
{"level":"error"}
{"level":"error"}
{"level":"error"}
{"level":"error"}
{"level":"error"}
{"level":"error"}
{"level":"error"}
{"level":"error"}
{"level":"error"}
{"level":"error"}
{"level":"error"}
{"level":"error"}
{"level":"error"}
{"level":"error"}
{"code":"ERR_HTTP_HEADERS_SENT","level":"error"}
{"code":"ERR_HTTP_HEADERS_SENT","level":"error"}
{"code":"ERR_HTTP_HEADERS_SENT","level":"error"}
{"code":11000,"index":0,"keyPattern":{"mobileNumber":1},"keyValue":{"mobileNumber":9768465336},"level":"error"}
{"code":11000,"index":0,"keyPattern":{"mobileNumber":1},"keyValue":{"mobileNumber":9768465336},"level":"error"}
{"code":11000,"index":0,"keyPattern":{"mobileNumber":1},"keyValue":{"mobileNumber":9768465336},"level":"error"}
{"code":11000,"index":0,"keyPattern":{"mobileNumber":1},"keyValue":{"mobileNumber":9768465336},"level":"error"}
{"code":11000,"index":0,"keyPattern":{"mobileNumber":1},"keyValue":{"mobileNumber":9768465336},"level":"error"}
{"code":11000,"index":0,"keyPattern":{"mobileNumber":1},"keyValue":{"mobileNumber":9768465336},"level":"error"}
{"code":11000,"index":0,"keyPattern":{"mobileNumber":1},"keyValue":{"mobileNumber":9768465336},"level":"error"}
{"code":11000,"index":0,"keyPattern":{"mobileNumber":1},"keyValue":{"mobileNumber":9768465336},"level":"error"}
{"code":11000,"index":0,"keyPattern":{"mobileNumber":1},"keyValue":{"mobileNumber":9768465336},"level":"error"}
{"code":11000,"index":0,"keyPattern":{"mobileNumber":1},"keyValue":{"mobileNumber":9768465336},"level":"error"}
{"code":11000,"index":0,"keyPattern":{"mobileNumber":1},"keyValue":{"mobileNumber":9768465336},"level":"error"}
{"code":11000,"index":0,"keyPattern":{"mobileNumber":1},"keyValue":{"mobileNumber":9768465336},"level":"error"}
{"code":"ERR_HTTP_HEADERS_SENT","level":"error"}
{"code":"ERR_HTTP_HEADERS_SENT","level":"error"}
{"kind":"ObjectId","message":"Cast to ObjectId failed for value \"\" (type string) at path \"_id\" for model \"users\"","name":"CastError","path":"_id","reason":{},"stringValue":"\"\"","value":"","valueType":"string"}
{"level":"info","message":"SM61fe4a38debd66100d911e6a8a5d1978"}
{"level":"info","message":"SM882cd58dab21b96860b850a13b84956f"}
{"level":"info","message":"SM9eaf71efb8679e6b4164365798f1edd8"}
{"level":"info","message":"SM8fc5d53a0dee39b89fcf01bffed6f4dc"}
{"level":"error"}
{"level":"error"}
{"level":"error"}
{"level":"error"}
{"level":"error"}
{"level":"error"}
{"level":"error"}
{"level":"error"}
{"code":11000,"index":0,"keyPattern":{"mobileNumber":1},"keyValue":{"mobileNumber":9768465335},"level":"error"}
{"level":"info","message":"SMa87d82434649857bb654b1dcc2423907"}
{"code":21608,"level":"error","moreInfo":"https://www.twilio.com/docs/errors/21608","status":400}
{"code":21608,"level":"error","moreInfo":"https://www.twilio.com/docs/errors/21608","status":400}
{"code":21608,"level":"error","moreInfo":"https://www.twilio.com/docs/errors/21608","status":400}
{"level":"info","message":"SM78a425ed47acb1f11abb663fd52726e9"}
{"level":"info","message":"SM477aa52af5fb4ce0dfd8ed734086fa82"}
{"level":"info","message":"SM1201b25add7a2fb7c3c72b3121c8edd0"}
{"level":"info","message":"SM4b44baf2aa86dfd263553209af3df2ab"}
{"level":"error"}
{"level":"error"}
{"level":"info","message":"SM7b332d21d1fe3eac3a4cd62843fffea7"}
{"code":21211,"level":"error","moreInfo":"https://www.twilio.com/docs/errors/21211","status":400}
{"code":21211,"level":"error","moreInfo":"https://www.twilio.com/docs/errors/21211","status":400}
{"code":21211,"level":"error","moreInfo":"https://www.twilio.com/docs/errors/21211","status":400}
{"code":21211,"level":"error","moreInfo":"https://www.twilio.com/docs/errors/21211","status":400}
{"code":21211,"level":"error","moreInfo":"https://www.twilio.com/docs/errors/21211","status":400}
{"code":21211,"level":"error","moreInfo":"https://www.twilio.com/docs/errors/21211","status":400}
{"code":21211,"level":"error","moreInfo":"https://www.twilio.com/docs/errors/21211","status":400}
{"code":21614,"level":"error","moreInfo":"https://www.twilio.com/docs/errors/21614","status":400}
{"code":21614,"level":"error","moreInfo":"https://www.twilio.com/docs/errors/21614","status":400}
{"level":"info","message":"SM0f67bd2500ee71e3635d0f8e022b21aa"}
{"level":"info","message":"SM7fdb26a1c5567da1ebfd757e5c325ad7"}
{"code":"ERR_HTTP_HEADERS_SENT","level":"error"}
{"level":"info","message":"SM34c8b21ba284919b4d99f0582a90b95d"}
{"code":21614,"level":"error","moreInfo":"https://www.twilio.com/docs/errors/21614","status":400}
{"code":21614,"level":"error","moreInfo":"https://www.twilio.com/docs/errors/21614","status":400}
{"code":21614,"level":"error","moreInfo":"https://www.twilio.com/docs/errors/21614","status":400}
{"code":21614,"level":"error","moreInfo":"https://www.twilio.com/docs/errors/21614","status":400}
{"code":21614,"level":"error","moreInfo":"https://www.twilio.com/docs/errors/21614","status":400}
{"code":21614,"level":"error","moreInfo":"https://www.twilio.com/docs/errors/21614","status":400}
{"level":"info","message":"SMe020956ce6a3ce82ea621fb9dec60601"}
{"code":"ERR_HTTP_HEADERS_SENT","level":"error"}
{"level":"info","message":"SM73cef1a5b2379b8b3115a52b8b10a9be"}
{"code":"ERR_HTTP_HEADERS_SENT","level":"error"}
{"level":"info","message":"SM75a8ada592be039003dac5e1c5fd8891"}
{"level":"info","message":"SMbc70d546e8749c6e5f22e9ef5ab46a7c"}
{"level":"info","message":"SM10bb46e2e60a3f82d4eda1a6018f8c69"}
{"code":21614,"level":"error","moreInfo":"https://www.twilio.com/docs/errors/21614","status":400}
{"code":21614,"level":"error","moreInfo":"https://www.twilio.com/docs/errors/21614","status":400}
{"code":21614,"level":"error","moreInfo":"https://www.twilio.com/docs/errors/21614","status":400}
{"level":"info","message":"SMef5b65cab43369e68fd38710210b1f60"}
{"code":21614,"level":"error","moreInfo":"https://www.twilio.com/docs/errors/21614","status":400}
{"level":"info","message":"SM5f3eea6c6f83df80c081deb2597dc62f"}
{"code":"ERR_HTTP_HEADERS_SENT","level":"error"}
{"level":"info","message":"SMe435d6f12d759bc40bc22d818546d627"}
{"code":"ERR_HTTP_HEADERS_SENT","level":"error"}
{"level":"info","message":"SM4288b029104a7bebfc149ee404bc7b81"}
{"level":"info","message":"SM61397841fbfce51360cf45eb01bc8d22"}
{"code":"ERR_HTTP_HEADERS_SENT","level":"error"}
{"level":"info","message":"SMb21bce2bc1c9f772860c24b04836390c"}
{"level":"info","message":"SM456de89474f744c7b25f1e2e210ed708"}
{"level":"info","message":"SM4149b8afbb18fb1d77db58c33b2bfe58"}
{"level":"info","message":"SM12ce75a644ca22cce276cb765cbfe4c7"}
{"level":"info","message":"SM34c89886af1990e11d7eba8cddd51404"}
{"code":21608,"level":"error","moreInfo":"https://www.twilio.com/docs/errors/21608","status":400}
{"code":11000,"index":0,"keyPattern":{"mobileNumber":1},"keyValue":{"mobileNumber":9768465336},"level":"error"}
{"code":11000,"index":0,"keyPattern":{"mobileNumber":1},"keyValue":{"mobileNumber":9768465336},"level":"error"}
{"code":11000,"index":0,"keyPattern":{"mobileNumber":1},"keyValue":{"mobileNumber":9768465338},"level":"error"}
{"code":11000,"index":0,"keyPattern":{"mobileNumber":1},"keyValue":{"mobileNumber":9768465336},"level":"error"}
{"code":11000,"index":0,"keyPattern":{"mobileNumber":1},"keyValue":{"mobileNumber":9768465336},"level":"error"}
{"code":11000,"index":0,"keyPattern":{"mobileNumber":1},"keyValue":{"mobileNumber":9768465336},"level":"error"}
{"code":11000,"index":0,"keyPattern":{"mobileNumber":1},"keyValue":{"mobileNumber":9768465336},"level":"error"}
{"code":11000,"index":0,"keyPattern":{"mobileNumber":1},"keyValue":{"mobileNumber":9768465336},"level":"error"}
{"code":11000,"index":0,"keyPattern":{"mobileNumber":1},"keyValue":{"mobileNumber":9768465336},"level":"error"}
{"code":11000,"index":0,"keyPattern":{"mobileNumber":1},"keyValue":{"mobileNumber":9768465336},"level":"error"}
{"code":21608,"level":"error","moreInfo":"https://www.twilio.com/docs/errors/21608","status":400}
{"level":"info","message":"SM1a3335c5110cbc86ea495108b0e48ba9"}
{"level":"info","message":"SMf2ed16ba09fc80513aee2e0a6857e7f1"}
{"level":"info","message":"SM0f04045ac4b18fef812f3fede5ea85cb"}
{"code":21211,"level":"error","moreInfo":"https://www.twilio.com/docs/errors/21211","status":400}
{"code":21614,"level":"error","moreInfo":"https://www.twilio.com/docs/errors/21614","status":400}
{"level":"info","message":"SM59c7233037f1c6abe99423f7a40ea6e7"}
{"code":11000,"index":0,"keyPattern":{"mobileNumber":1},"keyValue":{"mobileNumber":9768465336},"level":"error"}
{"level":"info","message":"SM3923aa8dc14db7560e654420b83f560c"}
{"level":"info","message":"SMab37686494c333678a71c45b908fce0b"}
{"level":"info","message":"SM35ca39b9afc66ee3e9cf6624ac86fc20"}
{"level":"info","message":"SMf267ce965ce2e35dc8db69fcf8340bd8"}
