{"level":"error"}
{"level":"error"}
{"level":"error"}
{"level":"error"}
{"level":"error"}
{"level":"error"}
{"level":"error"}
{"level":"error"}
{"level":"error"}
{"level":"error"}
{"level":"error"}
{"level":"error"}
{"level":"error"}
{"level":"error"}
{"level":"error"}
{"code":"ERR_HTTP_HEADERS_SENT","level":"error"}
{"code":"ERR_HTTP_HEADERS_SENT","level":"error"}
{"code":"ERR_HTTP_HEADERS_SENT","level":"error"}
{"code":11000,"index":0,"keyPattern":{"mobileNumber":1},"keyValue":{"mobileNumber":9768465336},"level":"error"}
{"code":11000,"index":0,"keyPattern":{"mobileNumber":1},"keyValue":{"mobileNumber":9768465336},"level":"error"}
{"code":11000,"index":0,"keyPattern":{"mobileNumber":1},"keyValue":{"mobileNumber":9768465336},"level":"error"}
{"code":11000,"index":0,"keyPattern":{"mobileNumber":1},"keyValue":{"mobileNumber":9768465336},"level":"error"}
{"code":11000,"index":0,"keyPattern":{"mobileNumber":1},"keyValue":{"mobileNumber":9768465336},"level":"error"}
{"code":11000,"index":0,"keyPattern":{"mobileNumber":1},"keyValue":{"mobileNumber":9768465336},"level":"error"}
{"code":11000,"index":0,"keyPattern":{"mobileNumber":1},"keyValue":{"mobileNumber":9768465336},"level":"error"}
{"code":11000,"index":0,"keyPattern":{"mobileNumber":1},"keyValue":{"mobileNumber":9768465336},"level":"error"}
{"code":11000,"index":0,"keyPattern":{"mobileNumber":1},"keyValue":{"mobileNumber":9768465336},"level":"error"}
{"code":11000,"index":0,"keyPattern":{"mobileNumber":1},"keyValue":{"mobileNumber":9768465336},"level":"error"}
{"code":11000,"index":0,"keyPattern":{"mobileNumber":1},"keyValue":{"mobileNumber":9768465336},"level":"error"}
{"code":11000,"index":0,"keyPattern":{"mobileNumber":1},"keyValue":{"mobileNumber":9768465336},"level":"error"}
{"code":"ERR_HTTP_HEADERS_SENT","level":"error"}
{"code":"ERR_HTTP_HEADERS_SENT","level":"error"}
{"kind":"ObjectId","message":"Cast to ObjectId failed for value \"\" (type string) at path \"_id\" for model \"users\"","name":"CastError","path":"_id","reason":{},"stringValue":"\"\"","value":"","valueType":"string"}
{"level":"error"}
{"level":"error"}
{"level":"error"}
{"level":"error"}
{"level":"error"}
{"level":"error"}
{"level":"error"}
{"level":"error"}
{"code":11000,"index":0,"keyPattern":{"mobileNumber":1},"keyValue":{"mobileNumber":9768465335},"level":"error"}
{"code":21608,"level":"error","moreInfo":"https://www.twilio.com/docs/errors/21608","status":400}
{"code":21608,"level":"error","moreInfo":"https://www.twilio.com/docs/errors/21608","status":400}
{"code":21608,"level":"error","moreInfo":"https://www.twilio.com/docs/errors/21608","status":400}
{"level":"error"}
{"level":"error"}
{"code":21211,"level":"error","moreInfo":"https://www.twilio.com/docs/errors/21211","status":400}
{"code":21211,"level":"error","moreInfo":"https://www.twilio.com/docs/errors/21211","status":400}
{"code":21211,"level":"error","moreInfo":"https://www.twilio.com/docs/errors/21211","status":400}
{"code":21211,"level":"error","moreInfo":"https://www.twilio.com/docs/errors/21211","status":400}
{"code":21211,"level":"error","moreInfo":"https://www.twilio.com/docs/errors/21211","status":400}
{"code":21211,"level":"error","moreInfo":"https://www.twilio.com/docs/errors/21211","status":400}
{"code":21211,"level":"error","moreInfo":"https://www.twilio.com/docs/errors/21211","status":400}
{"code":21614,"level":"error","moreInfo":"https://www.twilio.com/docs/errors/21614","status":400}
{"code":21614,"level":"error","moreInfo":"https://www.twilio.com/docs/errors/21614","status":400}
{"code":"ERR_HTTP_HEADERS_SENT","level":"error"}
{"code":21614,"level":"error","moreInfo":"https://www.twilio.com/docs/errors/21614","status":400}
{"code":21614,"level":"error","moreInfo":"https://www.twilio.com/docs/errors/21614","status":400}
{"code":21614,"level":"error","moreInfo":"https://www.twilio.com/docs/errors/21614","status":400}
{"code":21614,"level":"error","moreInfo":"https://www.twilio.com/docs/errors/21614","status":400}
{"code":21614,"level":"error","moreInfo":"https://www.twilio.com/docs/errors/21614","status":400}
{"code":21614,"level":"error","moreInfo":"https://www.twilio.com/docs/errors/21614","status":400}
{"code":"ERR_HTTP_HEADERS_SENT","level":"error"}
{"code":"ERR_HTTP_HEADERS_SENT","level":"error"}
{"code":21614,"level":"error","moreInfo":"https://www.twilio.com/docs/errors/21614","status":400}
{"code":21614,"level":"error","moreInfo":"https://www.twilio.com/docs/errors/21614","status":400}
{"code":21614,"level":"error","moreInfo":"https://www.twilio.com/docs/errors/21614","status":400}
{"code":21614,"level":"error","moreInfo":"https://www.twilio.com/docs/errors/21614","status":400}
{"code":"ERR_HTTP_HEADERS_SENT","level":"error"}
{"code":"ERR_HTTP_HEADERS_SENT","level":"error"}
{"code":"ERR_HTTP_HEADERS_SENT","level":"error"}
{"code":21608,"level":"error","moreInfo":"https://www.twilio.com/docs/errors/21608","status":400}
{"code":11000,"index":0,"keyPattern":{"mobileNumber":1},"keyValue":{"mobileNumber":9768465336},"level":"error"}
{"code":11000,"index":0,"keyPattern":{"mobileNumber":1},"keyValue":{"mobileNumber":9768465336},"level":"error"}
{"code":11000,"index":0,"keyPattern":{"mobileNumber":1},"keyValue":{"mobileNumber":9768465338},"level":"error"}
{"code":11000,"index":0,"keyPattern":{"mobileNumber":1},"keyValue":{"mobileNumber":9768465336},"level":"error"}
{"code":11000,"index":0,"keyPattern":{"mobileNumber":1},"keyValue":{"mobileNumber":9768465336},"level":"error"}
{"code":11000,"index":0,"keyPattern":{"mobileNumber":1},"keyValue":{"mobileNumber":9768465336},"level":"error"}
{"code":11000,"index":0,"keyPattern":{"mobileNumber":1},"keyValue":{"mobileNumber":9768465336},"level":"error"}
{"code":11000,"index":0,"keyPattern":{"mobileNumber":1},"keyValue":{"mobileNumber":9768465336},"level":"error"}
{"code":11000,"index":0,"keyPattern":{"mobileNumber":1},"keyValue":{"mobileNumber":9768465336},"level":"error"}
{"code":11000,"index":0,"keyPattern":{"mobileNumber":1},"keyValue":{"mobileNumber":9768465336},"level":"error"}
{"code":21608,"level":"error","moreInfo":"https://www.twilio.com/docs/errors/21608","status":400}
{"code":21211,"level":"error","moreInfo":"https://www.twilio.com/docs/errors/21211","status":400}
{"code":21614,"level":"error","moreInfo":"https://www.twilio.com/docs/errors/21614","status":400}
{"code":11000,"index":0,"keyPattern":{"mobileNumber":1},"keyValue":{"mobileNumber":9768465336},"level":"error"}
